[0609/092437.179:ERROR:process_memory_win.cc(73)] ReadMemory at 0x7ff69ec70000 of 64 bytes failed: Only part of a ReadProcessMemory or WriteProcessMemory request was completed. (0x12B)
[0609/092437.180:WARNING:pe_image_reader.cc(340)] could not read dos header from C:\Program Files (x86)\Google\Chrome\Application\chrome.exe
[0609/092437.180:ERROR:process_memory_win.cc(73)] ReadMemory at 0x7ffab92c0000 of 64 bytes failed: Only part of a ReadProcessMemory or WriteProcessMemory request was completed. (0x12B)
[0609/092437.180:WARNING:pe_image_reader.cc(340)] could not read dos header from C:\Windows\SYSTEM32\ntdll.dll
[0609/092437.180:ERROR:process_memory_win.cc(73)] ReadMemory at 0x7ffab79b0000 of 64 bytes failed: Only part of a ReadProcessMemory or WriteProcessMemory request was completed. (0x12B)
[0609/092437.181:WARNING:pe_image_reader.cc(340)] could not read dos header from C:\Windows\System32\KERNEL32.DLL
[0609/092437.181:ERROR:process_memory_win.cc(73)] ReadMemory at 0x7ffab6f40000 of 64 bytes failed: Only part of a ReadProcessMemory or WriteProcessMemory request was completed. (0x12B)
[0609/092437.181:WARNING:pe_image_reader.cc(340)] could not read dos header from C:\Windows\System32\KERNELBASE.dll
[0609/092437.181:ERROR:process_memory_win.cc(73)] ReadMemory at 0x7ffaa2e10000 of 64 bytes failed: Only part of a ReadProcessMemory or WriteProcessMemory request was completed. (0x12B)
[0609/092437.181:WARNING:pe_image_reader.cc(340)] could not read dos header from C:\Program Files (x86)\Google\Chrome\Application\83.0.4103.61\chrome_elf.dll
[0609/092437.181:ERROR:process_memory_win.cc(73)] ReadMemory at 0x7ffaaea90000 of 64 bytes failed: Only part of a ReadProcessMemory or WriteProcessMemory request was completed. (0x12B)
[0609/092437.181:WARNING:pe_image_reader.cc(340)] could not read dos header from C:\Windows\SYSTEM32\VERSION.dll
[0609/092437.181:ERROR:process_memory_win.cc(73)] ReadMemory at 0x7ffab8620000 of 64 bytes failed: Only part of a ReadProcessMemory or WriteProcessMemory request was completed. (0x12B)
[0609/092437.181:WARNING:pe_image_reader.cc(340)] could not read dos header from C:\Windows\System32\msvcrt.dll
[0609/092437.181:ERROR:process_memory_win.cc(73)] ReadMemory at 0x7ffab72f0000 of 64 bytes failed: Only part of a ReadProcessMemory or WriteProcessMemory request was completed. (0x12B)
[0609/092437.181:WARNING:pe_image_reader.cc(340)] could not read dos header from C:\Windows\System32\bcryptPrimitives.dll
[0609/092437.181:ERROR:process_memory_win.cc(73)] ReadMemory at 0x7ffab8570000 of 64 bytes failed: Only part of a ReadProcessMemory or WriteProcessMemory request was completed. (0x12B)
[0609/092437.181:WARNING:pe_image_reader.cc(340)] could not read dos header from C:\Windows\System32\ADVAPI32.dll
[0609/092437.181:ERROR:process_memory_win.cc(73)] ReadMemory at 0x7ffab7910000 of 64 bytes failed: Only part of a ReadProcessMemory or WriteProcessMemory request was completed. (0x12B)
[0609/092437.181:WARNING:pe_image_reader.cc(340)] could not read dos header from C:\Windows\System32\sechost.dll
[0609/092437.181:ERROR:process_memory_win.cc(73)] ReadMemory at 0x7ffab7a80000 of 64 bytes failed: Only part of a ReadProcessMemory or WriteProcessMemory request was completed. (0x12B)
[0609/092437.181:WARNING:pe_image_reader.cc(340)] could not read dos header from C:\Windows\System32\RPCRT4.dll
[0609/092437.181:ERROR:process_memory_win.cc(73)] ReadMemory at 0x7ffa50730000 of 64 bytes failed: Only part of a ReadProcessMemory or WriteProcessMemory request was completed. (0x12B)
[0609/092437.181:WARNING:pe_image_reader.cc(340)] could not read dos header from C:\Program Files (x86)\Google\Chrome\Application\83.0.4103.61\chrome.dll
[0609/092437.181:ERROR:process_memory_win.cc(73)] ReadMemory at 0x7ffab8800000 of 64 bytes failed: Only part of a ReadProcessMemory or WriteProcessMemory request was completed. (0x12B)
[0609/092437.181:WARNING:pe_image_reader.cc(340)] could not read dos header from C:\Windows\System32\WS2_32.dll
[0609/092437.181:ERROR:process_memory_win.cc(73)] ReadMemory at 0x7ffab77e0000 of 64 bytes failed: Only part of a ReadProcessMemory or WriteProcessMemory request was completed. (0x12B)
[0609/092437.181:WARNING:pe_image_reader.cc(340)] could not read dos header from C:\Windows\System32\OLEAUT32.dll
[0609/092437.181:ERROR:process_memory_win.cc(73)] ReadMemory at 0x7ffab71f0000 of 64 bytes failed: Only part of a ReadProcessMemory or WriteProcessMemory request was completed. (0x12B)
[0609/092437.181:WARNING:pe_image_reader.cc(340)] could not read dos header from C:\Windows\System32\msvcp_win.dll
[0609/092437.181:ERROR:process_memory_win.cc(73)] ReadMemory at 0x7ffab6e40000 of 64 bytes failed: Only part of a ReadProcessMemory or WriteProcessMemory request was completed. (0x12B)
[0609/092437.181:WARNING:pe_image_reader.cc(340)] could not read dos header from C:\Windows\System32\ucrtbase.dll
[0609/092437.181:ERROR:process_memory_win.cc(73)] ReadMemory at 0x7ffab8230000 of 64 bytes failed: Only part of a ReadProcessMemory or WriteProcessMemory request was completed. (0x12B)
[0609/092437.181:WARNING:pe_image_reader.cc(340)] could not read dos header from C:\Windows\System32\combase.dll
[0609/092437.181:ERROR:process_memory_win.cc(73)] ReadMemory at 0x7ffab6c90000 of 64 bytes failed: Only part of a ReadProcessMemory or WriteProcessMemory request was completed. (0x12B)
[0609/092437.181:WARNING:pe_image_reader.cc(340)] could not read dos header from C:\Windows\System32\WINTRUST.dll
[0609/092437.182:ERROR:process_memory_win.cc(73)] ReadMemory at 0x7ffab61e0000 of 64 bytes failed: Only part of a ReadProcessMemory or WriteProcessMemory request was completed. (0x12B)
[0609/092437.182:WARNING:pe_image_reader.cc(340)] could not read dos header from C:\Windows\System32\MSASN1.dll
[0609/092437.182:ERROR:process_memory_win.cc(73)] ReadMemory at 0x7ffab6cf0000 of 64 bytes failed: Only part of a ReadProcessMemory or WriteProcessMemory request was completed. (0x12B)
[0609/092437.182:WARNING:pe_image_reader.cc(340)] could not read dos header from C:\Windows\System32\CRYPT32.dll
[0609/092437.182:ERROR:process_memory_win.cc(73)] ReadMemory at 0x7ffab56a0000 of 64 bytes failed: Only part of a ReadProcessMemory or WriteProcessMemory request was completed. (0x12B)
[0609/092437.182:WARNING:pe_image_reader.cc(340)] could not read dos header from C:\Windows\SYSTEM32\IPHLPAPI.DLL
[0609/092437.182:ERROR:process_memory_win.cc(73)] ReadMemory at 0x7ffab3870000 of 64 bytes failed: Only part of a ReadProcessMemory or WriteProcessMemory request was completed. (0x12B)
[0609/092437.182:WARNING:pe_image_reader.cc(340)] could not read dos header from C:\Windows\SYSTEM32\WINMM.dll
[0609/092437.182:ERROR:process_memory_win.cc(73)] ReadMemory at 0x7ffa9c2e0000 of 64 bytes failed: Only part of a ReadProcessMemory or WriteProcessMemory request was completed. (0x12B)
[0609/092437.182:WARNING:pe_image_reader.cc(340)] could not read dos header from C:\Windows\SYSTEM32\Secur32.dll
[0609/092437.182:ERROR:process_memory_win.cc(73)] ReadMemory at 0x7ffab6070000 of 64 bytes failed: Only part of a ReadProcessMemory or WriteProcessMemory request was completed. (0x12B)
[0609/092437.182:WARNING:pe_image_reader.cc(340)] could not read dos header from C:\Windows\SYSTEM32\USERENV.dll
[0609/092437.182:ERROR:process_memory_win.cc(73)] ReadMemory at 0x7ffab61b0000 of 64 bytes failed: Only part of a ReadProcessMemory or WriteProcessMemory request was completed. (0x12B)
[0609/092437.182:WARNING:pe_image_reader.cc(340)] could not read dos header from C:\Windows\System32\profapi.dll
[0609/092437.182:ERROR:process_memory_win.cc(73)] ReadMemory at 0x7ffa6f7a0000 of 64 bytes failed: Only part of a ReadProcessMemory or WriteProcessMemory request was completed. (0x12B)
[0609/092437.182:WARNING:pe_image_reader.cc(340)] could not read dos header from C:\Windows\SYSTEM32\UIAutomationCore.DLL
[0609/092437.182:ERROR:process_memory_win.cc(73)] ReadMemory at 0x7ffa9df90000 of 64 bytes failed: Only part of a ReadProcessMemory or WriteProcessMemory request was completed. (0x12B)
[0609/092437.182:WARNING:pe_image_reader.cc(340)] could not read dos header from C:\Windows\SYSTEM32\DWrite.dll
[0609/092437.182:ERROR:process_memory_win.cc(73)] ReadMemory at 0x7ffa7ec10000 of 64 bytes failed: Only part of a ReadProcessMemory or WriteProcessMemory request was completed. (0x12B)
[0609/092437.182:WARNING:pe_image_reader.cc(340)] could not read dos header from C:\Windows\SYSTEM32\WINSPOOL.DRV
[0609/092437.182:ERROR:process_memory_win.cc(73)] ReadMemory at 0x7ffab6190000 of 64 bytes failed: Only part of a ReadProcessMemory or WriteProcessMemory request was completed. (0x12B)
[0609/092437.182:WARNING:pe_image_reader.cc(340)] could not read dos header from C:\Windows\System32\kernel.appcore.dll
[0609/092437.182:ERROR:process_memory_win.cc(73)] ReadMemory at 0x7ffab7290000 of 64 bytes failed: Only part of a ReadProcessMemory or WriteProcessMemory request was completed. (0x12B)
[0609/092437.182:WARNING:pe_image_reader.cc(340)] could not read dos header from C:\Windows\System32\bcrypt.dll
[0609/092437.182:ERROR:process_memory_win.cc(73)] ReadMemory at 0x7ffab4aa0000 of 64 bytes failed: Only part of a ReadProcessMemory or WriteProcessMemory request was completed. (0x12B)
[0609/092437.182:WARNING:pe_image_reader.cc(340)] could not read dos header from C:\Windows\SYSTEM32\dbghelp.dll
[0609/092437.182:ERROR:process_memory_win.cc(73)] ReadMemory at 0x7ffaa8860000 of 64 bytes failed: Only part of a ReadProcessMemory or WriteProcessMemory request was completed. (0x12B)
[0609/092437.182:WARNING:pe_image_reader.cc(340)] could not read dos header from C:\Windows\SYSTEM32\WINHTTP.dll
[0609/092437.182:ERROR:process_memory_win.cc(73)] ReadMemory at 0x7ffaad060000 of 64 bytes failed: Only part of a ReadProcessMemory or WriteProcessMemory request was completed. (0x12B)
[0609/092437.182:WARNING:pe_image_reader.cc(340)] could not read dos header from C:\Windows\SYSTEM32\dhcpcsvc.DLL
[0609/092437.182:ERROR:process_memory_win.cc(73)] ReadMemory at 0x7ffab86d0000 of 64 bytes failed: Only part of a ReadProcessMemory or WriteProcessMemory request was completed. (0x12B)
[0609/092437.182:WARNING:pe_image_reader.cc(340)] could not read dos header from C:\Windows\System32\NSI.dll
[0609/092437.182:ERROR:process_memory_win.cc(73)] ReadMemory at 0x7ffab3760000 of 64 bytes failed: Only part of a ReadProcessMemory or WriteProcessMemory request was completed. (0x12B)
[0609/092437.182:WARNING:pe_image_reader.cc(340)] could not read dos header from C:\Windows\SYSTEM32\WINMMBASE.dll
[0609/092437.183:ERROR:process_memory_win.cc(73)] ReadMemory at 0x7ffab6250000 of 64 bytes failed: Only part of a ReadProcessMemory or WriteProcessMemory request was completed. (0x12B)
[0609/092437.183:WARNING:pe_image_reader.cc(340)] could not read dos header from C:\Windows\System32\cfgmgr32.dll
[0609/092437.183:ERROR:process_memory_win.cc(73)] ReadMemory at 0x7ffab3dc0000 of 64 bytes failed: Only part of a ReadProcessMemory or WriteProcessMemory request was completed. (0x12B)
[0609/092437.183:WARNING:pe_image_reader.cc(340)] could not read dos header from C:\Windows\SYSTEM32\PROPSYS.dll
[0609/092437.183:ERROR:process_memory_win.cc(73)] ReadMemory at 0x7ffab8750000 of 64 bytes failed: Only part of a ReadProcessMemory or WriteProcessMemory request was completed. (0x12B)
[0609/092437.183:WARNING:pe_image_reader.cc(340)] could not read dos header from C:\Windows\System32\shcore.dll
[0609/092437.183:ERROR:process_memory_win.cc(73)] ReadMemory at 0x7ffab60a0000 of 64 bytes failed: Only part of a ReadProcessMemory or WriteProcessMemory request was completed. (0x12B)
[0609/092437.183:WARNING:pe_image_reader.cc(340)] could not read dos header from C:\Windows\SYSTEM32\SSPICLI.DLL
[0609/092437.183:ERROR:process_memory_win.cc(73)] ReadMemory at 0x7ffab5b60000 of 64 bytes failed: Only part of a ReadProcessMemory or WriteProcessMemory request was completed. (0x12B)
[0609/092437.183:WARNING:pe_image_reader.cc(340)] could not read dos header from C:\Windows\SYSTEM32\CRYPTBASE.DLL
[0609/092437.193:ERROR:process_memory_win.cc(73)] ReadMemory at 0x7ff69ec70000 of 64 bytes failed: Only part of a ReadProcessMemory or WriteProcessMemory request was completed. (0x12B)
[0609/092437.193:WARNING:pe_image_reader.cc(340)] could not read dos header from C:\Program Files (x86)\Google\Chrome\Application\chrome.exe
[0609/092437.193:ERROR:process_memory_win.cc(73)] ReadMemory at 0x7ffab92c0000 of 64 bytes failed: Only part of a ReadProcessMemory or WriteProcessMemory request was completed. (0x12B)
[0609/092437.193:WARNING:pe_image_reader.cc(340)] could not read dos header from C:\Windows\SYSTEM32\ntdll.dll
[0609/092437.193:ERROR:process_memory_win.cc(73)] ReadMemory at 0x7ffab79b0000 of 64 bytes failed: Only part of a ReadProcessMemory or WriteProcessMemory request was completed. (0x12B)
[0609/092437.193:WARNING:pe_image_reader.cc(340)] could not read dos header from C:\Windows\System32\KERNEL32.DLL
[0609/092437.193:ERROR:process_memory_win.cc(73)] ReadMemory at 0x7ffab6f40000 of 64 bytes failed: Only part of a ReadProcessMemory or WriteProcessMemory request was completed. (0x12B)
[0609/092437.193:WARNING:pe_image_reader.cc(340)] could not read dos header from C:\Windows\System32\KERNELBASE.dll
[0609/092437.193:ERROR:process_memory_win.cc(73)] ReadMemory at 0x7ffaa2e10000 of 64 bytes failed: Only part of a ReadProcessMemory or WriteProcessMemory request was completed. (0x12B)
[0609/092437.193:WARNING:pe_image_reader.cc(340)] could not read dos header from C:\Program Files (x86)\Google\Chrome\Application\83.0.4103.61\chrome_elf.dll
[0609/092437.193:ERROR:process_memory_win.cc(73)] ReadMemory at 0x7ffaaea90000 of 64 bytes failed: Only part of a ReadProcessMemory or WriteProcessMemory request was completed. (0x12B)
[0609/092437.193:WARNING:pe_image_reader.cc(340)] could not read dos header from C:\Windows\SYSTEM32\VERSION.dll
[0609/092437.193:ERROR:process_memory_win.cc(73)] ReadMemory at 0x7ffab8620000 of 64 bytes failed: Only part of a ReadProcessMemory or WriteProcessMemory request was completed. (0x12B)
[0609/092437.193:WARNING:pe_image_reader.cc(340)] could not read dos header from C:\Windows\System32\msvcrt.dll
[0609/092437.193:ERROR:process_memory_win.cc(73)] ReadMemory at 0x7ffab72f0000 of 64 bytes failed: Only part of a ReadProcessMemory or WriteProcessMemory request was completed. (0x12B)
[0609/092437.193:WARNING:pe_image_reader.cc(340)] could not read dos header from C:\Windows\System32\bcryptPrimitives.dll
[0609/092437.193:ERROR:process_memory_win.cc(73)] ReadMemory at 0x7ffab8570000 of 64 bytes failed: Only part of a ReadProcessMemory or WriteProcessMemory request was completed. (0x12B)
[0609/092437.193:WARNING:pe_image_reader.cc(340)] could not read dos header from C:\Windows\System32\ADVAPI32.dll
[0609/092437.193:ERROR:process_memory_win.cc(73)] ReadMemory at 0x7ffab7910000 of 64 bytes failed: Only part of a ReadProcessMemory or WriteProcessMemory request was completed. (0x12B)
[0609/092437.193:WARNING:pe_image_reader.cc(340)] could not read dos header from C:\Windows\System32\sechost.dll
[0609/092437.193:ERROR:process_memory_win.cc(73)] ReadMemory at 0x7ffab7a80000 of 64 bytes failed: Only part of a ReadProcessMemory or WriteProcessMemory request was completed. (0x12B)
[0609/092437.193:WARNING:pe_image_reader.cc(340)] could not read dos header from C:\Windows\System32\RPCRT4.dll
[0609/092437.193:ERROR:process_memory_win.cc(73)] ReadMemory at 0x7ffa50730000 of 64 bytes failed: Only part of a ReadProcessMemory or WriteProcessMemory request was completed. (0x12B)
[0609/092437.193:WARNING:pe_image_reader.cc(340)] could not read dos header from C:\Program Files (x86)\Google\Chrome\Application\83.0.4103.61\chrome.dll
[0609/092437.193:ERROR:process_memory_win.cc(73)] ReadMemory at 0x7ffab8800000 of 64 bytes failed: Only part of a ReadProcessMemory or WriteProcessMemory request was completed. (0x12B)
[0609/092437.193:WARNING:pe_image_reader.cc(340)] could not read dos header from C:\Windows\System32\WS2_32.dll
[0609/092437.193:ERROR:process_memory_win.cc(73)] ReadMemory at 0x7ffab77e0000 of 64 bytes failed: Only part of a ReadProcessMemory or WriteProcessMemory request was completed. (0x12B)
[0609/092437.194:WARNING:pe_image_reader.cc(340)] could not read dos header from C:\Windows\System32\OLEAUT32.dll
[0609/092437.194:ERROR:process_memory_win.cc(73)] ReadMemory at 0x7ffab71f0000 of 64 bytes failed: Only part of a ReadProcessMemory or WriteProcessMemory request was completed. (0x12B)
[0609/092437.194:WARNING:pe_image_reader.cc(340)] could not read dos header from C:\Windows\System32\msvcp_win.dll
[0609/092437.194:ERROR:process_memory_win.cc(73)] ReadMemory at 0x7ffab6e40000 of 64 bytes failed: Only part of a ReadProcessMemory or WriteProcessMemory request was completed. (0x12B)
[0609/092437.194:WARNING:pe_image_reader.cc(340)] could not read dos header from C:\Windows\System32\ucrtbase.dll
[0609/092437.194:ERROR:process_memory_win.cc(73)] ReadMemory at 0x7ffab8230000 of 64 bytes failed: Only part of a ReadProcessMemory or WriteProcessMemory request was completed. (0x12B)
[0609/092437.194:WARNING:pe_image_reader.cc(340)] could not read dos header from C:\Windows\System32\combase.dll
[0609/092437.194:ERROR:process_memory_win.cc(73)] ReadMemory at 0x7ffab6c90000 of 64 bytes failed: Only part of a ReadProcessMemory or WriteProcessMemory request was completed. (0x12B)
[0609/092437.194:WARNING:pe_image_reader.cc(340)] could not read dos header from C:\Windows\System32\WINTRUST.dll
[0609/092437.194:ERROR:process_memory_win.cc(73)] ReadMemory at 0x7ffab61e0000 of 64 bytes failed: Only part of a ReadProcessMemory or WriteProcessMemory request was completed. (0x12B)
[0609/092437.194:WARNING:pe_image_reader.cc(340)] could not read dos header from C:\Windows\System32\MSASN1.dll
[0609/092437.194:ERROR:process_memory_win.cc(73)] ReadMemory at 0x7ffab6cf0000 of 64 bytes failed: Only part of a ReadProcessMemory or WriteProcessMemory request was completed. (0x12B)
[0609/092437.194:WARNING:pe_image_reader.cc(340)] could not read dos header from C:\Windows\System32\CRYPT32.dll
[0609/092437.194:ERROR:process_memory_win.cc(73)] ReadMemory at 0x7ffab56a0000 of 64 bytes failed: Only part of a ReadProcessMemory or WriteProcessMemory request was completed. (0x12B)
[0609/092437.194:WARNING:pe_image_reader.cc(340)] could not read dos header from C:\Windows\SYSTEM32\IPHLPAPI.DLL
[0609/092437.194:ERROR:process_memory_win.cc(73)] ReadMemory at 0x7ffab3870000 of 64 bytes failed: Only part of a ReadProcessMemory or WriteProcessMemory request was completed. (0x12B)
[0609/092437.194:WARNING:pe_image_reader.cc(340)] could not read dos header from C:\Windows\SYSTEM32\WINMM.dll
[0609/092437.194:ERROR:process_memory_win.cc(73)] ReadMemory at 0x7ffa9c2e0000 of 64 bytes failed: Only part of a ReadProcessMemory or WriteProcessMemory request was completed. (0x12B)
[0609/092437.194:WARNING:pe_image_reader.cc(340)] could not read dos header from C:\Windows\SYSTEM32\Secur32.dll
[0609/092437.194:ERROR:process_memory_win.cc(73)] ReadMemory at 0x7ffab6070000 of 64 bytes failed: Only part of a ReadProcessMemory or WriteProcessMemory request was completed. (0x12B)
[0609/092437.195:WARNING:pe_image_reader.cc(340)] could not read dos header from C:\Windows\SYSTEM32\USERENV.dll
[0609/092437.195:ERROR:process_memory_win.cc(73)] ReadMemory at 0x7ffab61b0000 of 64 bytes failed: Only part of a ReadProcessMemory or WriteProcessMemory request was completed. (0x12B)
[0609/092437.195:WARNING:pe_image_reader.cc(340)] could not read dos header from C:\Windows\System32\profapi.dll
[0609/092437.195:ERROR:process_memory_win.cc(73)] ReadMemory at 0x7ffa6f7a0000 of 64 bytes failed: Only part of a ReadProcessMemory or WriteProcessMemory request was completed. (0x12B)
[0609/092437.195:WARNING:pe_image_reader.cc(340)] could not read dos header from C:\Windows\SYSTEM32\UIAutomationCore.DLL
[0609/092437.195:ERROR:process_memory_win.cc(73)] ReadMemory at 0x7ffa9df90000 of 64 bytes failed: Only part of a ReadProcessMemory or WriteProcessMemory request was completed. (0x12B)
[0609/092437.195:WARNING:pe_image_reader.cc(340)] could not read dos header from C:\Windows\SYSTEM32\DWrite.dll
[0609/092437.195:ERROR:process_memory_win.cc(73)] ReadMemory at 0x7ffa7ec10000 of 64 bytes failed: Only part of a ReadProcessMemory or WriteProcessMemory request was completed. (0x12B)
[0609/092437.195:WARNING:pe_image_reader.cc(340)] could not read dos header from C:\Windows\SYSTEM32\WINSPOOL.DRV
[0609/092437.195:ERROR:process_memory_win.cc(73)] ReadMemory at 0x7ffab6190000 of 64 bytes failed: Only part of a ReadProcessMemory or WriteProcessMemory request was completed. (0x12B)
[0609/092437.195:WARNING:pe_image_reader.cc(340)] could not read dos header from C:\Windows\System32\kernel.appcore.dll
[0609/092437.195:ERROR:process_memory_win.cc(73)] ReadMemory at 0x7ffab7290000 of 64 bytes failed: Only part of a ReadProcessMemory or WriteProcessMemory request was completed. (0x12B)
[0609/092437.195:WARNING:pe_image_reader.cc(340)] could not read dos header from C:\Windows\System32\bcrypt.dll
[0609/092437.195:ERROR:process_memory_win.cc(73)] ReadMemory at 0x7ffab4aa0000 of 64 bytes failed: Only part of a ReadProcessMemory or WriteProcessMemory request was completed. (0x12B)
[0609/092437.195:WARNING:pe_image_reader.cc(340)] could not read dos header from C:\Windows\SYSTEM32\dbghelp.dll
[0609/092437.195:ERROR:process_memory_win.cc(73)] ReadMemory at 0x7ffaa8860000 of 64 bytes failed: Only part of a ReadProcessMemory or WriteProcessMemory request was completed. (0x12B)
[0609/092437.195:WARNING:pe_image_reader.cc(340)] could not read dos header from C:\Windows\SYSTEM32\WINHTTP.dll
[0609/092437.195:ERROR:process_memory_win.cc(73)] ReadMemory at 0x7ffaad060000 of 64 bytes failed: Only part of a ReadProcessMemory or WriteProcessMemory request was completed. (0x12B)
[0609/092437.195:WARNING:pe_image_reader.cc(340)] could not read dos header from C:\Windows\SYSTEM32\dhcpcsvc.DLL
[0609/092437.195:ERROR:process_memory_win.cc(73)] ReadMemory at 0x7ffab86d0000 of 64 bytes failed: Only part of a ReadProcessMemory or WriteProcessMemory request was completed. (0x12B)
[0609/092437.195:WARNING:pe_image_reader.cc(340)] could not read dos header from C:\Windows\System32\NSI.dll
[0609/092437.195:ERROR:process_memory_win.cc(73)] ReadMemory at 0x7ffab3760000 of 64 bytes failed: Only part of a ReadProcessMemory or WriteProcessMemory request was completed. (0x12B)
[0609/092437.195:WARNING:pe_image_reader.cc(340)] could not read dos header from C:\Windows\SYSTEM32\WINMMBASE.dll
[0609/092437.195:ERROR:process_memory_win.cc(73)] ReadMemory at 0x7ffab6250000 of 64 bytes failed: Only part of a ReadProcessMemory or WriteProcessMemory request was completed. (0x12B)
[0609/092437.195:WARNING:pe_image_reader.cc(340)] could not read dos header from C:\Windows\System32\cfgmgr32.dll
[0609/092437.195:ERROR:process_memory_win.cc(73)] ReadMemory at 0x7ffab3dc0000 of 64 bytes failed: Only part of a ReadProcessMemory or WriteProcessMemory request was completed. (0x12B)
[0609/092437.195:WARNING:pe_image_reader.cc(340)] could not read dos header from C:\Windows\SYSTEM32\PROPSYS.dll
[0609/092437.195:ERROR:process_memory_win.cc(73)] ReadMemory at 0x7ffab8750000 of 64 bytes failed: Only part of a ReadProcessMemory or WriteProcessMemory request was completed. (0x12B)
[0609/092437.195:WARNING:pe_image_reader.cc(340)] could not read dos header from C:\Windows\System32\shcore.dll
[0609/092437.195:ERROR:process_memory_win.cc(73)] ReadMemory at 0x7ffab60a0000 of 64 bytes failed: Only part of a ReadProcessMemory or WriteProcessMemory request was completed. (0x12B)
[0609/092437.195:WARNING:pe_image_reader.cc(340)] could not read dos header from C:\Windows\SYSTEM32\SSPICLI.DLL
[0609/092437.195:ERROR:process_memory_win.cc(73)] ReadMemory at 0x7ffab5b60000 of 64 bytes failed: Only part of a ReadProcessMemory or WriteProcessMemory request was completed. (0x12B)
[0609/092437.195:WARNING:pe_image_reader.cc(340)] could not read dos header from C:\Windows\SYSTEM32\CRYPTBASE.DLL
[0609/092437.195:ERROR:process_memory_win.cc(73)] ReadMemory at 0x7ff69ec70000 of 64 bytes failed: Only part of a ReadProcessMemory or WriteProcessMemory request was completed. (0x12B)
[0609/092437.195:WARNING:pe_image_reader.cc(340)] could not read dos header from C:\Program Files (x86)\Google\Chrome\Application\chrome.exe
[0609/092437.196:ERROR:process_memory_win.cc(73)] ReadMemory at 0x7ffab92c0000 of 64 bytes failed: Only part of a ReadProcessMemory or WriteProcessMemory request was completed. (0x12B)
[0609/092437.196:WARNING:pe_image_reader.cc(340)] could not read dos header from C:\Windows\SYSTEM32\ntdll.dll
[0609/092437.196:ERROR:process_memory_win.cc(73)] ReadMemory at 0x7ffab79b0000 of 64 bytes failed: Only part of a ReadProcessMemory or WriteProcessMemory request was completed. (0x12B)
[0609/092437.196:WARNING:pe_image_reader.cc(340)] could not read dos header from C:\Windows\System32\KERNEL32.DLL
[0609/092437.196:ERROR:process_memory_win.cc(73)] ReadMemory at 0x7ffab6f40000 of 64 bytes failed: Only part of a ReadProcessMemory or WriteProcessMemory request was completed. (0x12B)
[0609/092437.196:WARNING:pe_image_reader.cc(340)] could not read dos header from C:\Windows\System32\KERNELBASE.dll
[0609/092437.196:ERROR:process_memory_win.cc(73)] ReadMemory at 0x7ffaa2e10000 of 64 bytes failed: Only part of a ReadProcessMemory or WriteProcessMemory request was completed. (0x12B)
[0609/092437.196:WARNING:pe_image_reader.cc(340)] could not read dos header from C:\Program Files (x86)\Google\Chrome\Application\83.0.4103.61\chrome_elf.dll
[0609/092437.196:ERROR:process_memory_win.cc(73)] ReadMemory at 0x7ffaaea90000 of 64 bytes failed: Only part of a ReadProcessMemory or WriteProcessMemory request was completed. (0x12B)
[0609/092437.196:WARNING:pe_image_reader.cc(340)] could not read dos header from C:\Windows\SYSTEM32\VERSION.dll
[0609/092437.196:ERROR:process_memory_win.cc(73)] ReadMemory at 0x7ffab8620000 of 64 bytes failed: Only part of a ReadProcessMemory or WriteProcessMemory request was completed. (0x12B)
[0609/092437.196:WARNING:pe_image_reader.cc(340)] could not read dos header from C:\Windows\System32\msvcrt.dll
[0609/092437.196:ERROR:process_memory_win.cc(73)] ReadMemory at 0x7ffab72f0000 of 64 bytes failed: Only part of a ReadProcessMemory or WriteProcessMemory request was completed. (0x12B)
[0609/092437.196:WARNING:pe_image_reader.cc(340)] could not read dos header from C:\Windows\System32\bcryptPrimitives.dll
[0609/092437.196:ERROR:process_memory_win.cc(73)] ReadMemory at 0x7ffab8570000 of 64 bytes failed: Only part of a ReadProcessMemory or WriteProcessMemory request was completed. (0x12B)
[0609/092437.196:WARNING:pe_image_reader.cc(340)] could not read dos header from C:\Windows\System32\ADVAPI32.dll
[0609/092437.196:ERROR:process_memory_win.cc(73)] ReadMemory at 0x7ffab7910000 of 64 bytes failed: Only part of a ReadProcessMemory or WriteProcessMemory request was completed. (0x12B)
[0609/092437.196:WARNING:pe_image_reader.cc(340)] could not read dos header from C:\Windows\System32\sechost.dll
[0609/092437.196:ERROR:process_memory_win.cc(73)] ReadMemory at 0x7ffab7a80000 of 64 bytes failed: Only part of a ReadProcessMemory or WriteProcessMemory request was completed. (0x12B)
[0609/092437.196:WARNING:pe_image_reader.cc(340)] could not read dos header from C:\Windows\System32\RPCRT4.dll
[0609/092437.196:ERROR:process_memory_win.cc(73)] ReadMemory at 0x7ffa50730000 of 64 bytes failed: Only part of a ReadProcessMemory or WriteProcessMemory request was completed. (0x12B)
[0609/092437.196:WARNING:pe_image_reader.cc(340)] could not read dos header from C:\Program Files (x86)\Google\Chrome\Application\83.0.4103.61\chrome.dll
[0609/092437.196:ERROR:process_memory_win.cc(73)] ReadMemory at 0x7ffab8800000 of 64 bytes failed: Only part of a ReadProcessMemory or WriteProcessMemory request was completed. (0x12B)
[0609/092437.196:WARNING:pe_image_reader.cc(340)] could not read dos header from C:\Windows\System32\WS2_32.dll
[0609/092437.196:ERROR:process_memory_win.cc(73)] ReadMemory at 0x7ffab77e0000 of 64 bytes failed: Only part of a ReadProcessMemory or WriteProcessMemory request was completed. (0x12B)
[0609/092437.196:WARNING:pe_image_reader.cc(340)] could not read dos header from C:\Windows\System32\OLEAUT32.dll
[0609/092437.196:ERROR:process_memory_win.cc(73)] ReadMemory at 0x7ffab71f0000 of 64 bytes failed: Only part of a ReadProcessMemory or WriteProcessMemory request was completed. (0x12B)
[0609/092437.196:WARNING:pe_image_reader.cc(340)] could not read dos header from C:\Windows\System32\msvcp_win.dll
[0609/092437.196:ERROR:process_memory_win.cc(73)] ReadMemory at 0x7ffab6e40000 of 64 bytes failed: Only part of a ReadProcessMemory or WriteProcessMemory request was completed. (0x12B)
[0609/092437.196:WARNING:pe_image_reader.cc(340)] could not read dos header from C:\Windows\System32\ucrtbase.dll
[0609/092437.196:ERROR:process_memory_win.cc(73)] ReadMemory at 0x7ffab8230000 of 64 bytes failed: Only part of a ReadProcessMemory or WriteProcessMemory request was completed. (0x12B)
[0609/092437.196:WARNING:pe_image_reader.cc(340)] could not read dos header from C:\Windows\System32\combase.dll
[0609/092437.196:ERROR:process_memory_win.cc(73)] ReadMemory at 0x7ffab6c90000 of 64 bytes failed: Only part of a ReadProcessMemory or WriteProcessMemory request was completed. (0x12B)
[0609/092437.196:WARNING:pe_image_reader.cc(340)] could not read dos header from C:\Windows\System32\WINTRUST.dll
[0609/092437.196:ERROR:process_memory_win.cc(73)] ReadMemory at 0x7ffab61e0000 of 64 bytes failed: Only part of a ReadProcessMemory or WriteProcessMemory request was completed. (0x12B)
[0609/092437.196:WARNING:pe_image_reader.cc(340)] could not read dos header from C:\Windows\System32\MSASN1.dll
[0609/092437.197:ERROR:process_memory_win.cc(73)] ReadMemory at 0x7ffab6cf0000 of 64 bytes failed: Only part of a ReadProcessMemory or WriteProcessMemory request was completed. (0x12B)
[0609/092437.197:WARNING:pe_image_reader.cc(340)] could not read dos header from C:\Windows\System32\CRYPT32.dll
[0609/092437.197:ERROR:process_memory_win.cc(73)] ReadMemory at 0x7ffab56a0000 of 64 bytes failed: Only part of a ReadProcessMemory or WriteProcessMemory request was completed. (0x12B)
[0609/092437.197:WARNING:pe_image_reader.cc(340)] could not read dos header from C:\Windows\SYSTEM32\IPHLPAPI.DLL
[0609/092437.197:ERROR:process_memory_win.cc(73)] ReadMemory at 0x7ffab3870000 of 64 bytes failed: Only part of a ReadProcessMemory or WriteProcessMemory request was completed. (0x12B)
[0609/092437.197:WARNING:pe_image_reader.cc(340)] could not read dos header from C:\Windows\SYSTEM32\WINMM.dll
[0609/092437.197:ERROR:process_memory_win.cc(73)] ReadMemory at 0x7ffa9c2e0000 of 64 bytes failed: Only part of a ReadProcessMemory or WriteProcessMemory request was completed. (0x12B)
[0609/092437.197:WARNING:pe_image_reader.cc(340)] could not read dos header from C:\Windows\SYSTEM32\Secur32.dll
[0609/092437.197:ERROR:process_memory_win.cc(73)] ReadMemory at 0x7ffab6070000 of 64 bytes failed: Only part of a ReadProcessMemory or WriteProcessMemory request was completed. (0x12B)
[0609/092437.197:WARNING:pe_image_reader.cc(340)] could not read dos header from C:\Windows\SYSTEM32\USERENV.dll
[0609/092437.197:ERROR:process_memory_win.cc(73)] ReadMemory at 0x7ffab61b0000 of 64 bytes failed: Only part of a ReadProcessMemory or WriteProcessMemory request was completed. (0x12B)
[0609/092437.197:WARNING:pe_image_reader.cc(340)] could not read dos header from C:\Windows\System32\profapi.dll
[0609/092437.197:ERROR:process_memory_win.cc(73)] ReadMemory at 0x7ffa6f7a0000 of 64 bytes failed: Only part of a ReadProcessMemory or WriteProcessMemory request was completed. (0x12B)
[0609/092437.197:WARNING:pe_image_reader.cc(340)] could not read dos header from C:\Windows\SYSTEM32\UIAutomationCore.DLL
[0609/092437.197:ERROR:process_memory_win.cc(73)] ReadMemory at 0x7ffa9df90000 of 64 bytes failed: Only part of a ReadProcessMemory or WriteProcessMemory request was completed. (0x12B)
[0609/092437.197:WARNING:pe_image_reader.cc(340)] could not read dos header from C:\Windows\SYSTEM32\DWrite.dll
[0609/092437.197:ERROR:process_memory_win.cc(73)] ReadMemory at 0x7ffa7ec10000 of 64 bytes failed: Only part of a ReadProcessMemory or WriteProcessMemory request was completed. (0x12B)
[0609/092437.197:WARNING:pe_image_reader.cc(340)] could not read dos header from C:\Windows\SYSTEM32\WINSPOOL.DRV
[0609/092437.197:ERROR:process_memory_win.cc(73)] ReadMemory at 0x7ffab6190000 of 64 bytes failed: Only part of a ReadProcessMemory or WriteProcessMemory request was completed. (0x12B)
[0609/092437.197:WARNING:pe_image_reader.cc(340)] could not read dos header from C:\Windows\System32\kernel.appcore.dll
[0609/092437.197:ERROR:process_memory_win.cc(73)] ReadMemory at 0x7ffab7290000 of 64 bytes failed: Only part of a ReadProcessMemory or WriteProcessMemory request was completed. (0x12B)
[0609/092437.197:WARNING:pe_image_reader.cc(340)] could not read dos header from C:\Windows\System32\bcrypt.dll
[0609/092437.197:ERROR:process_memory_win.cc(73)] ReadMemory at 0x7ffab4aa0000 of 64 bytes failed: Only part of a ReadProcessMemory or WriteProcessMemory request was completed. (0x12B)
[0609/092437.197:WARNING:pe_image_reader.cc(340)] could not read dos header from C:\Windows\SYSTEM32\dbghelp.dll
[0609/092437.197:ERROR:process_memory_win.cc(73)] ReadMemory at 0x7ffaa8860000 of 64 bytes failed: Only part of a ReadProcessMemory or WriteProcessMemory request was completed. (0x12B)
[0609/092437.197:WARNING:pe_image_reader.cc(340)] could not read dos header from C:\Windows\SYSTEM32\WINHTTP.dll
[0609/092437.197:ERROR:process_memory_win.cc(73)] ReadMemory at 0x7ffaad060000 of 64 bytes failed: Only part of a ReadProcessMemory or WriteProcessMemory request was completed. (0x12B)
[0609/092437.197:WARNING:pe_image_reader.cc(340)] could not read dos header from C:\Windows\SYSTEM32\dhcpcsvc.DLL
[0609/092437.197:ERROR:process_memory_win.cc(73)] ReadMemory at 0x7ffab86d0000 of 64 bytes failed: Only part of a ReadProcessMemory or WriteProcessMemory request was completed. (0x12B)
[0609/092437.197:WARNING:pe_image_reader.cc(340)] could not read dos header from C:\Windows\System32\NSI.dll
[0609/092437.197:ERROR:process_memory_win.cc(73)] ReadMemory at 0x7ffab3760000 of 64 bytes failed: Only part of a ReadProcessMemory or WriteProcessMemory request was completed. (0x12B)
[0609/092437.197:WARNING:pe_image_reader.cc(340)] could not read dos header from C:\Windows\SYSTEM32\WINMMBASE.dll
[0609/092437.197:ERROR:process_memory_win.cc(73)] ReadMemory at 0x7ffab6250000 of 64 bytes failed: Only part of a ReadProcessMemory or WriteProcessMemory request was completed. (0x12B)
[0609/092437.198:WARNING:pe_image_reader.cc(340)] could not read dos header from C:\Windows\System32\cfgmgr32.dll
[0609/092437.198:ERROR:process_memory_win.cc(73)] ReadMemory at 0x7ffab3dc0000 of 64 bytes failed: Only part of a ReadProcessMemory or WriteProcessMemory request was completed. (0x12B)
[0609/092437.198:WARNING:pe_image_reader.cc(340)] could not read dos header from C:\Windows\SYSTEM32\PROPSYS.dll
[0609/092437.198:ERROR:process_memory_win.cc(73)] ReadMemory at 0x7ffab8750000 of 64 bytes failed: Only part of a ReadProcessMemory or WriteProcessMemory request was completed. (0x12B)
[0609/092437.198:WARNING:pe_image_reader.cc(340)] could not read dos header from C:\Windows\System32\shcore.dll
[0609/092437.198:ERROR:process_memory_win.cc(73)] ReadMemory at 0x7ffab60a0000 of 64 bytes failed: Only part of a ReadProcessMemory or WriteProcessMemory request was completed. (0x12B)
[0609/092437.198:WARNING:pe_image_reader.cc(340)] could not read dos header from C:\Windows\SYSTEM32\SSPICLI.DLL
[0609/092437.198:ERROR:process_memory_win.cc(73)] ReadMemory at 0x7ffab5b60000 of 64 bytes failed: Only part of a ReadProcessMemory or WriteProcessMemory request was completed. (0x12B)
[0609/092437.198:WARNING:pe_image_reader.cc(340)] could not read dos header from C:\Windows\SYSTEM32\CRYPTBASE.DLL
[0609/092437.206:ERROR:process_memory_win.cc(73)] ReadMemory at 0xa167fec000 of 81920 bytes failed: Only part of a ReadProcessMemory or WriteProcessMemory request was completed. (0x12B)
[0609/092437.206:ERROR:process_memory_win.cc(73)] ReadMemory at 0xa1687fd000 of 12288 bytes failed: Only part of a ReadProcessMemory or WriteProcessMemory request was completed. (0x12B)
[0609/092437.206:ERROR:process_memory_win.cc(73)] ReadMemory at 0xa1697fc000 of 16384 bytes failed: Only part of a ReadProcessMemory or WriteProcessMemory request was completed. (0x12B)
[0609/092437.206:ERROR:process_memory_win.cc(73)] ReadMemory at 0xa169ffc000 of 16384 bytes failed: Only part of a ReadProcessMemory or WriteProcessMemory request was completed. (0x12B)
[0609/092437.207:ERROR:process_memory_win.cc(73)] ReadMemory at 0xa16a7fe000 of 8192 bytes failed: Only part of a ReadProcessMemory or WriteProcessMemory request was completed. (0x12B)
[0609/092437.207:ERROR:process_memory_win.cc(73)] ReadMemory at 0xa16affd000 of 12288 bytes failed: Only part of a ReadProcessMemory or WriteProcessMemory request was completed. (0x12B)
[0609/092437.207:ERROR:process_memory_win.cc(73)] ReadMemory at 0xa16b7fb000 of 20480 bytes failed: Only part of a ReadProcessMemory or WriteProcessMemory request was completed. (0x12B)
[0609/092437.207:ERROR:process_memory_win.cc(73)] ReadMemory at 0xa16c7fd000 of 12288 bytes failed: Only part of a ReadProcessMemory or WriteProcessMemory request was completed. (0x12B)
[0609/092437.207:ERROR:process_memory_win.cc(73)] ReadMemory at 0xa16cff7000 of 36864 bytes failed: Only part of a ReadProcessMemory or WriteProcessMemory request was completed. (0x12B)
[0609/092437.207:ERROR:process_memory_win.cc(73)] ReadMemory at 0xa16d7f6000 of 40960 bytes failed: Only part of a ReadProcessMemory or WriteProcessMemory request was completed. (0x12B)
[0609/092437.207:ERROR:process_memory_win.cc(73)] ReadMemory at 0xa16dff6000 of 40960 bytes failed: Only part of a ReadProcessMemory or WriteProcessMemory request was completed. (0x12B)
[0609/092437.207:ERROR:process_memory_win.cc(73)] ReadMemory at 0xa16e7f6000 of 40960 bytes failed: Only part of a ReadProcessMemory or WriteProcessMemory request was completed. (0x12B)
[0609/092437.207:ERROR:process_memory_win.cc(73)] ReadMemory at 0xa16effd000 of 12288 bytes failed: Only part of a ReadProcessMemory or WriteProcessMemory request was completed. (0x12B)
[0609/092437.207:ERROR:process_memory_win.cc(73)] ReadMemory at 0xa1707fd000 of 12288 bytes failed: Only part of a ReadProcessMemory or WriteProcessMemory request was completed. (0x12B)
[0609/092437.207:ERROR:process_memory_win.cc(73)] ReadMemory at 0xa168ffd000 of 12288 bytes failed: Only part of a ReadProcessMemory or WriteProcessMemory request was completed. (0x12B)
[0609/092437.208:ERROR:process_memory_win.cc(73)] ReadMemory at 0xa16bffd000 of 12288 bytes failed: Only part of a ReadProcessMemory or WriteProcessMemory request was completed. (0x12B)
[0609/092437.208:ERROR:process_memory_win.cc(73)] ReadMemory at 0xa167634000 of 852 bytes failed: Only part of a ReadProcessMemory or WriteProcessMemory request was completed. (0x12B)
[0609/092437.208:ERROR:process_memory_win.cc(73)] ReadMemory at 0xa167635000 of 6024 bytes failed: Only part of a ReadProcessMemory or WriteProcessMemory request was completed. (0x12B)
[0609/092437.208:ERROR:process_memory_win.cc(73)] ReadMemory at 0xa167637000 of 6024 bytes failed: Only part of a ReadProcessMemory or WriteProcessMemory request was completed. (0x12B)
[0609/092437.208:ERROR:process_memory_win.cc(73)] ReadMemory at 0xa16763b000 of 6024 bytes failed: Only part of a ReadProcessMemory or WriteProcessMemory request was completed. (0x12B)
[0609/092437.208:ERROR:process_memory_win.cc(73)] ReadMemory at 0xa16763d000 of 6024 bytes failed: Only part of a ReadProcessMemory or WriteProcessMemory request was completed. (0x12B)
[0609/092437.208:ERROR:process_memory_win.cc(73)] ReadMemory at 0xa16763f000 of 6024 bytes failed: Only part of a ReadProcessMemory or WriteProcessMemory request was completed. (0x12B)
[0609/092437.208:ERROR:process_memory_win.cc(73)] ReadMemory at 0xa167641000 of 6024 bytes failed: Only part of a ReadProcessMemory or WriteProcessMemory request was completed. (0x12B)
[0609/092437.208:ERROR:process_memory_win.cc(73)] ReadMemory at 0xa167643000 of 6024 bytes failed: Only part of a ReadProcessMemory or WriteProcessMemory request was completed. (0x12B)
[0609/092437.208:ERROR:process_memory_win.cc(73)] ReadMemory at 0xa167647000 of 6024 bytes failed: Only part of a ReadProcessMemory or WriteProcessMemory request was completed. (0x12B)
[0609/092437.208:ERROR:process_memory_win.cc(73)] ReadMemory at 0xa167649000 of 6024 bytes failed: Only part of a ReadProcessMemory or WriteProcessMemory request was completed. (0x12B)
[0609/092437.208:ERROR:process_memory_win.cc(73)] ReadMemory at 0xa16764b000 of 6024 bytes failed: Only part of a ReadProcessMemory or WriteProcessMemory request was completed. (0x12B)
[0609/092437.208:ERROR:process_memory_win.cc(73)] ReadMemory at 0xa16764d000 of 6024 bytes failed: Only part of a ReadProcessMemory or WriteProcessMemory request was completed. (0x12B)
[0609/092437.208:ERROR:process_memory_win.cc(73)] ReadMemory at 0xa16764f000 of 6024 bytes failed: Only part of a ReadProcessMemory or WriteProcessMemory request was completed. (0x12B)
[0609/092437.208:ERROR:process_memory_win.cc(73)] ReadMemory at 0xa167651000 of 6024 bytes failed: Only part of a ReadProcessMemory or WriteProcessMemory request was completed. (0x12B)
[0609/092437.208:ERROR:process_memory_win.cc(73)] ReadMemory at 0xa167657000 of 6024 bytes failed: Only part of a ReadProcessMemory or WriteProcessMemory request was completed. (0x12B)
[0609/092437.208:ERROR:process_memory_win.cc(73)] ReadMemory at 0xa16765f000 of 6024 bytes failed: Only part of a ReadProcessMemory or WriteProcessMemory request was completed. (0x12B)
[0609/092437.208:ERROR:process_memory_win.cc(73)] ReadMemory at 0xa167661000 of 6024 bytes failed: Only part of a ReadProcessMemory or WriteProcessMemory request was completed. (0x12B)
[0609/092437.208:ERROR:process_memory_win.cc(73)] ReadMemory at 0x24791cc0fe0 of 8548 bytes failed: Only part of a ReadProcessMemory or WriteProcessMemory request was completed. (0x12B)
[0609/092437.208:ERROR:process_memory_win.cc(73)] ReadMemory at 0x24791cc3150 of 1012 bytes failed: Only part of a ReadProcessMemory or WriteProcessMemory request was completed. (0x12B)
[0609/092437.209:ERROR:process_memory_win.cc(73)] ReadMemory at 0x24791cc3798 of 118 bytes failed: Only part of a ReadProcessMemory or WriteProcessMemory request was completed. (0x12B)
[0609/092437.209:ERROR:process_memory_win.cc(73)] ReadMemory at 0x24791cc3810 of 1122 bytes failed: Only part of a ReadProcessMemory or WriteProcessMemory request was completed. (0x12B)
[0609/092437.209:ERROR:process_memory_win.cc(73)] ReadMemory at 0x24791cc3c74 of 118 bytes failed: Only part of a ReadProcessMemory or WriteProcessMemory request was completed. (0x12B)
[0609/092437.209:ERROR:process_memory_win.cc(73)] ReadMemory at 0x24791cc3cec of 96 bytes failed: Only part of a ReadProcessMemory or WriteProcessMemory request was completed. (0x12B)
[0609/092437.209:ERROR:process_memory_win.cc(73)] ReadMemory at 0x24791cc3d60 of 58 bytes failed: Only part of a ReadProcessMemory or WriteProcessMemory request was completed. (0x12B)
[0609/092437.209:ERROR:process_memory_win.cc(73)] ReadMemory at 0x24791cc3e60 of 132 bytes failed: Only part of a ReadProcessMemory or WriteProcessMemory request was completed. (0x12B)
[0609/092437.209:ERROR:process_memory_win.cc(73)] ReadMemory at 0x24791cc3ff0 of 132 bytes failed: Only part of a ReadProcessMemory or WriteProcessMemory request was completed. (0x12B)
[0609/092437.209:ERROR:process_memory_win.cc(73)] ReadMemory at 0x24791cc41b0 of 124 bytes failed: Only part of a ReadProcessMemory or WriteProcessMemory request was completed. (0x12B)
[0609/092437.209:ERROR:process_memory_win.cc(73)] ReadMemory at 0x24791cc4590 of 132 bytes failed: Only part of a ReadProcessMemory or WriteProcessMemory request was completed. (0x12B)
[0609/092437.209:ERROR:process_memory_win.cc(73)] ReadMemory at 0x24791cc4720 of 64 bytes failed: Only part of a ReadProcessMemory or WriteProcessMemory request was completed. (0x12B)
[0609/092437.209:ERROR:process_memory_win.cc(73)] ReadMemory at 0x24791cc4770 of 132 bytes failed: Only part of a ReadProcessMemory or WriteProcessMemory request was completed. (0x12B)
[0609/092437.209:ERROR:process_memory_win.cc(73)] ReadMemory at 0x24791cc4980 of 152 bytes failed: Only part of a ReadProcessMemory or WriteProcessMemory request was completed. (0x12B)
[0609/092437.209:ERROR:process_memory_win.cc(73)] ReadMemory at 0x24791cc4b80 of 132 bytes failed: Only part of a ReadProcessMemory or WriteProcessMemory request was completed. (0x12B)
[0609/092437.209:ERROR:process_memory_win.cc(73)] ReadMemory at 0x24791cc4d10 of 68 bytes failed: Only part of a ReadProcessMemory or WriteProcessMemory request was completed. (0x12B)
[0609/092437.209:ERROR:process_memory_win.cc(73)] ReadMemory at 0x24791cc5db0 of 132 bytes failed: Only part of a ReadProcessMemory or WriteProcessMemory request was completed. (0x12B)
[0609/092437.209:ERROR:process_memory_win.cc(73)] ReadMemory at 0x24791cc5fb0 of 132 bytes failed: Only part of a ReadProcessMemory or WriteProcessMemory request was completed. (0x12B)
[0609/092437.209:ERROR:process_memory_win.cc(73)] ReadMemory at 0x24791cc6e30 of 62 bytes failed: Only part of a ReadProcessMemory or WriteProcessMemory request was completed. (0x12B)
[0609/092437.209:ERROR:process_memory_win.cc(73)] ReadMemory at 0x24791cc6eb0 of 144 bytes failed: Only part of a ReadProcessMemory or WriteProcessMemory request was completed. (0x12B)
[0609/092437.209:ERROR:process_memory_win.cc(73)] ReadMemory at 0x24791cc6f90 of 132 bytes failed: Only part of a ReadProcessMemory or WriteProcessMemory request was completed. (0x12B)
[0609/092437.209:ERROR:process_memory_win.cc(73)] ReadMemory at 0x24791cc7120 of 60 bytes failed: Only part of a ReadProcessMemory or WriteProcessMemory request was completed. (0x12B)
[0609/092437.209:ERROR:process_memory_win.cc(73)] ReadMemory at 0x24791cc74e0 of 132 bytes failed: Only part of a ReadProcessMemory or WriteProcessMemory request was completed. (0x12B)
[0609/092437.209:ERROR:process_memory_win.cc(73)] ReadMemory at 0x24791cc823a of 512 bytes failed: Only part of a ReadProcessMemory or WriteProcessMemory request was completed. (0x12B)
[0609/092437.209:ERROR:process_memory_win.cc(73)] ReadMemory at 0x24791cc9000 of 132 bytes failed: Only part of a ReadProcessMemory or WriteProcessMemory request was completed. (0x12B)
[0609/092437.210:ERROR:process_memory_win.cc(73)] ReadMemory at 0x24791cc9350 of 132 bytes failed: Only part of a ReadProcessMemory or WriteProcessMemory request was completed. (0x12B)
[0609/092437.210:ERROR:process_memory_win.cc(73)] ReadMemory at 0x24791cc9570 of 132 bytes failed: Only part of a ReadProcessMemory or WriteProcessMemory request was completed. (0x12B)
[0609/092437.210:ERROR:process_memory_win.cc(73)] ReadMemory at 0x24791cc9790 of 132 bytes failed: Only part of a ReadProcessMemory or WriteProcessMemory request was completed. (0x12B)
[0609/092437.210:ERROR:process_memory_win.cc(73)] ReadMemory at 0x24791cc9920 of 132 bytes failed: Only part of a ReadProcessMemory or WriteProcessMemory request was completed. (0x12B)
[0609/092437.210:ERROR:process_memory_win.cc(73)] ReadMemory at 0x24791ccbf70 of 80 bytes failed: Only part of a ReadProcessMemory or WriteProcessMemory request was completed. (0x12B)
[0609/092437.210:ERROR:process_memory_win.cc(73)] ReadMemory at 0x24791ccc020 of 62 bytes failed: Only part of a ReadProcessMemory or WriteProcessMemory request was completed. (0x12B)
[0609/092437.210:ERROR:process_memory_win.cc(73)] ReadMemory at 0x24791ccc110 of 64 bytes failed: Only part of a ReadProcessMemory or WriteProcessMemory request was completed. (0x12B)
[0609/092437.210:ERROR:process_memory_win.cc(73)] ReadMemory at 0x24791ccc1b0 of 60 bytes failed: Only part of a ReadProcessMemory or WriteProcessMemory request was completed. (0x12B)
[0609/092437.210:ERROR:process_memory_win.cc(73)] ReadMemory at 0x24791ccc390 of 64 bytes failed: Only part of a ReadProcessMemory or WriteProcessMemory request was completed. (0x12B)
[0609/092437.210:ERROR:process_memory_win.cc(73)] ReadMemory at 0x24791ccc3e0 of 62 bytes failed: Only part of a ReadProcessMemory or WriteProcessMemory request was completed. (0x12B)
[0609/092437.210:ERROR:process_memory_win.cc(73)] ReadMemory at 0x24791ccc480 of 64 bytes failed: Only part of a ReadProcessMemory or WriteProcessMemory request was completed. (0x12B)
[0609/092437.210:ERROR:process_memory_win.cc(73)] ReadMemory at 0x24791ccc610 of 66 bytes failed: Only part of a ReadProcessMemory or WriteProcessMemory request was completed. (0x12B)
[0609/092437.210:ERROR:process_memory_win.cc(73)] ReadMemory at 0x24791ccc6b0 of 60 bytes failed: Only part of a ReadProcessMemory or WriteProcessMemory request was completed. (0x12B)
[0609/092437.210:ERROR:process_memory_win.cc(73)] ReadMemory at 0x24791ccc750 of 64 bytes failed: Only part of a ReadProcessMemory or WriteProcessMemory request was completed. (0x12B)
[0609/092437.210:ERROR:process_memory_win.cc(73)] ReadMemory at 0x24791ccd410 of 76 bytes failed: Only part of a ReadProcessMemory or WriteProcessMemory request was completed. (0x12B)
[0609/092437.210:ERROR:process_memory_win.cc(73)] ReadMemory at 0x24791ccd4d0 of 80 bytes failed: Only part of a ReadProcessMemory or WriteProcessMemory request was completed. (0x12B)
[0609/092437.210:ERROR:process_memory_win.cc(73)] ReadMemory at 0x24791ccdc40 of 62 bytes failed: Only part of a ReadProcessMemory or WriteProcessMemory request was completed. (0x12B)
[0609/092437.210:ERROR:process_memory_win.cc(73)] ReadMemory at 0x24791ccdc90 of 64 bytes failed: Only part of a ReadProcessMemory or WriteProcessMemory request was completed. (0x12B)
[0609/092437.210:ERROR:process_memory_win.cc(73)] ReadMemory at 0x24791ccdd30 of 60 bytes failed: Only part of a ReadProcessMemory or WriteProcessMemory request was completed. (0x12B)
[0609/092437.210:ERROR:process_memory_win.cc(73)] ReadMemory at 0x24791ccddd0 of 62 bytes failed: Only part of a ReadProcessMemory or WriteProcessMemory request was completed. (0x12B)
[0609/092437.210:ERROR:process_memory_win.cc(73)] ReadMemory at 0x24791ccde20 of 64 bytes failed: Only part of a ReadProcessMemory or WriteProcessMemory request was completed. (0x12B)
[0609/092437.210:ERROR:process_memory_win.cc(73)] ReadMemory at 0x24791ccdfb0 of 60 bytes failed: Only part of a ReadProcessMemory or WriteProcessMemory request was completed. (0x12B)
[0609/092437.210:ERROR:process_memory_win.cc(73)] ReadMemory at 0x24791cce0f0 of 60 bytes failed: Only part of a ReadProcessMemory or WriteProcessMemory request was completed. (0x12B)
[0609/092437.210:ERROR:process_memory_win.cc(73)] ReadMemory at 0x24791cce230 of 62 bytes failed: Only part of a ReadProcessMemory or WriteProcessMemory request was completed. (0x12B)
[0609/092437.210:ERROR:process_memory_win.cc(73)] ReadMemory at 0x24791cce320 of 58 bytes failed: Only part of a ReadProcessMemory or WriteProcessMemory request was completed. (0x12B)
[0609/092437.210:ERROR:process_memory_win.cc(73)] ReadMemory at 0x24791cce460 of 62 bytes failed: Only part of a ReadProcessMemory or WriteProcessMemory request was completed. (0x12B)
[0609/092437.211:ERROR:process_memory_win.cc(73)] ReadMemory at 0x24791cce5f0 of 62 bytes failed: Only part of a ReadProcessMemory or WriteProcessMemory request was completed. (0x12B)
[0609/092437.211:ERROR:process_memory_win.cc(73)] ReadMemory at 0x24791cce690 of 62 bytes failed: Only part of a ReadProcessMemory or WriteProcessMemory request was completed. (0x12B)
[0609/092437.211:ERROR:process_memory_win.cc(73)] ReadMemory at 0x24791cce6e0 of 60 bytes failed: Only part of a ReadProcessMemory or WriteProcessMemory request was completed. (0x12B)
[0609/092437.211:ERROR:process_memory_win.cc(73)] ReadMemory at 0x24791cce780 of 62 bytes failed: Only part of a ReadProcessMemory or WriteProcessMemory request was completed. (0x12B)
[0609/092437.211:ERROR:process_memory_win.cc(73)] ReadMemory at 0x24791cce820 of 62 bytes failed: Only part of a ReadProcessMemory or WriteProcessMemory request was completed. (0x12B)
[0609/092437.211:ERROR:process_memory_win.cc(73)] ReadMemory at 0x24791cce870 of 64 bytes failed: Only part of a ReadProcessMemory or WriteProcessMemory request was completed. (0x12B)
[0609/092437.211:ERROR:process_memory_win.cc(73)] ReadMemory at 0x24791cce960 of 64 bytes failed: Only part of a ReadProcessMemory or WriteProcessMemory request was completed. (0x12B)
[0609/092437.211:ERROR:process_memory_win.cc(73)] ReadMemory at 0x24791cceb90 of 66 bytes failed: Only part of a ReadProcessMemory or WriteProcessMemory request was completed. (0x12B)
[0609/092437.211:ERROR:process_memory_win.cc(73)] ReadMemory at 0x24791ccf890 of 54 bytes failed: Only part of a ReadProcessMemory or WriteProcessMemory request was completed. (0x12B)
[0609/092437.211:ERROR:process_memory_win.cc(73)] ReadMemory at 0x24791cd1070 of 132 bytes failed: Only part of a ReadProcessMemory or WriteProcessMemory request was completed. (0x12B)
[0609/092437.211:ERROR:process_memory_win.cc(73)] ReadMemory at 0x24791cd1900 of 132 bytes failed: Only part of a ReadProcessMemory or WriteProcessMemory request was completed. (0x12B)
[0609/092437.211:ERROR:process_memory_win.cc(73)] ReadMemory at 0x24791cd1b10 of 132 bytes failed: Only part of a ReadProcessMemory or WriteProcessMemory request was completed. (0x12B)
[0609/092437.211:ERROR:process_memory_win.cc(73)] ReadMemory at 0x24791cd6a60 of 132 bytes failed: Only part of a ReadProcessMemory or WriteProcessMemory request was completed. (0x12B)
[0609/092437.211:ERROR:process_memory_win.cc(73)] ReadMemory at 0x24791cd6b90 of 132 bytes failed: Only part of a ReadProcessMemory or WriteProcessMemory request was completed. (0x12B)
[0609/092437.211:ERROR:process_memory_win.cc(73)] ReadMemory at 0x24791cd6cc0 of 132 bytes failed: Only part of a ReadProcessMemory or WriteProcessMemory request was completed. (0x12B)
[0609/092437.211:ERROR:process_memory_win.cc(73)] ReadMemory at 0x24791cd6f20 of 132 bytes failed: Only part of a ReadProcessMemory or WriteProcessMemory request was completed. (0x12B)
[0609/092437.211:ERROR:process_memory_win.cc(73)] ReadMemory at 0x24791cd7050 of 132 bytes failed: Only part of a ReadProcessMemory or WriteProcessMemory request was completed. (0x12B)
[0609/092437.211:ERROR:process_memory_win.cc(73)] ReadMemory at 0x24791cd7180 of 132 bytes failed: Only part of a ReadProcessMemory or WriteProcessMemory request was completed. (0x12B)
[0609/092437.211:ERROR:process_memory_win.cc(73)] ReadMemory at 0x24791cd72b0 of 132 bytes failed: Only part of a ReadProcessMemory or WriteProcessMemory request was completed. (0x12B)
[0609/092437.211:ERROR:process_memory_win.cc(73)] ReadMemory at 0x24791cd73e0 of 132 bytes failed: Only part of a ReadProcessMemory or WriteProcessMemory request was completed. (0x12B)
[0609/092437.211:ERROR:process_memory_win.cc(73)] ReadMemory at 0x24791cd7510 of 132 bytes failed: Only part of a ReadProcessMemory or WriteProcessMemory request was completed. (0x12B)
[0609/092437.211:ERROR:process_memory_win.cc(73)] ReadMemory at 0x24791cd7640 of 132 bytes failed: Only part of a ReadProcessMemory or WriteProcessMemory request was completed. (0x12B)
[0609/092437.211:ERROR:process_memory_win.cc(73)] ReadMemory at 0x24791cd7770 of 132 bytes failed: Only part of a ReadProcessMemory or WriteProcessMemory request was completed. (0x12B)
[0609/092437.211:ERROR:process_memory_win.cc(73)] ReadMemory at 0x24791cd78a0 of 132 bytes failed: Only part of a ReadProcessMemory or WriteProcessMemory request was completed. (0x12B)
[0609/092437.211:ERROR:process_memory_win.cc(73)] ReadMemory at 0x24791cd88f0 of 132 bytes failed: Only part of a ReadProcessMemory or WriteProcessMemory request was completed. (0x12B)
[0609/092437.211:ERROR:process_memory_win.cc(73)] ReadMemory at 0x24791cd8a20 of 132 bytes failed: Only part of a ReadProcessMemory or WriteProcessMemory request was completed. (0x12B)
[0609/092437.211:ERROR:process_memory_win.cc(73)] ReadMemory at 0x24791cd8b50 of 132 bytes failed: Only part of a ReadProcessMemory or WriteProcessMemory request was completed. (0x12B)
[0609/092437.212:ERROR:process_memory_win.cc(73)] ReadMemory at 0x24791cd8ee0 of 132 bytes failed: Only part of a ReadProcessMemory or WriteProcessMemory request was completed. (0x12B)
[0609/092437.212:ERROR:process_memory_win.cc(73)] ReadMemory at 0x24791cd9010 of 132 bytes failed: Only part of a ReadProcessMemory or WriteProcessMemory request was completed. (0x12B)
[0609/092437.212:ERROR:process_memory_win.cc(73)] ReadMemory at 0x24791cd9140 of 132 bytes failed: Only part of a ReadProcessMemory or WriteProcessMemory request was completed. (0x12B)
[0609/092437.212:ERROR:process_memory_win.cc(73)] ReadMemory at 0x24791cd9730 of 132 bytes failed: Only part of a ReadProcessMemory or WriteProcessMemory request was completed. (0x12B)
[0609/092437.212:ERROR:process_memory_win.cc(73)] ReadMemory at 0x24791cd9860 of 132 bytes failed: Only part of a ReadProcessMemory or WriteProcessMemory request was completed. (0x12B)
[0609/092437.212:ERROR:process_memory_win.cc(73)] ReadMemory at 0x24791cd9ac0 of 132 bytes failed: Only part of a ReadProcessMemory or WriteProcessMemory request was completed. (0x12B)
[0609/092437.212:ERROR:process_memory_win.cc(73)] ReadMemory at 0x24791cd9bf0 of 132 bytes failed: Only part of a ReadProcessMemory or WriteProcessMemory request was completed. (0x12B)
[0609/092437.212:ERROR:process_memory_win.cc(73)] ReadMemory at 0x24791cdafd0 of 512 bytes failed: Only part of a ReadProcessMemory or WriteProcessMemory request was completed. (0x12B)
[0609/092437.212:ERROR:process_memory_win.cc(73)] ReadMemory at 0x24791cf0bc0 of 512 bytes failed: Only part of a ReadProcessMemory or WriteProcessMemory request was completed. (0x12B)
[0609/092437.212:ERROR:process_memory_win.cc(73)] ReadMemory at 0x24791cf6c00 of 512 bytes failed: Only part of a ReadProcessMemory or WriteProcessMemory request was completed. (0x12B)
[0609/092437.212:ERROR:process_memory_win.cc(73)] ReadMemory at 0x247923b0e80 of 512 bytes failed: Only part of a ReadProcessMemory or WriteProcessMemory request was completed. (0x12B)
[0609/092437.212:ERROR:process_memory_win.cc(73)] ReadMemory at 0x247923b16c0 of 512 bytes failed: Only part of a ReadProcessMemory or WriteProcessMemory request was completed. (0x12B)
[0609/092437.212:ERROR:process_memory_win.cc(73)] ReadMemory at 0x247923b2500 of 512 bytes failed: Only part of a ReadProcessMemory or WriteProcessMemory request was completed. (0x12B)
[0609/092437.212:ERROR:process_memory_win.cc(73)] ReadMemory at 0x2479243ddc8 of 512 bytes failed: Only part of a ReadProcessMemory or WriteProcessMemory request was completed. (0x12B)
[0609/092437.212:ERROR:process_memory_win.cc(73)] ReadMemory at 0x24792440ce0 of 512 bytes failed: Only part of a ReadProcessMemory or WriteProcessMemory request was completed. (0x12B)
[0609/092437.212:ERROR:process_memory_win.cc(73)] ReadMemory at 0x24792458110 of 512 bytes failed: Only part of a ReadProcessMemory or WriteProcessMemory request was completed. (0x12B)
[0609/092437.212:ERROR:process_memory_win.cc(73)] ReadMemory at 0x24792459a10 of 712 bytes failed: Only part of a ReadProcessMemory or WriteProcessMemory request was completed. (0x12B)
[0609/092437.212:ERROR:process_memory_win.cc(73)] ReadMemory at 0x24792485440 of 512 bytes failed: Only part of a ReadProcessMemory or WriteProcessMemory request was completed. (0x12B)
[0609/092437.212:ERROR:process_memory_win.cc(73)] ReadMemory at 0x2479249d400 of 512 bytes failed: Only part of a ReadProcessMemory or WriteProcessMemory request was completed. (0x12B)
[0609/092437.212:ERROR:process_memory_win.cc(73)] ReadMemory at 0x247924d2af0 of 512 bytes failed: Only part of a ReadProcessMemory or WriteProcessMemory request was completed. (0x12B)
[0609/092437.212:ERROR:process_memory_win.cc(73)] ReadMemory at 0x247924dc9b0 of 512 bytes failed: Only part of a ReadProcessMemory or WriteProcessMemory request was completed. (0x12B)
[0609/092437.212:ERROR:process_memory_win.cc(73)] ReadMemory at 0x247924e1b40 of 512 bytes failed: Only part of a ReadProcessMemory or WriteProcessMemory request was completed. (0x12B)
[0609/092437.213:ERROR:process_memory_win.cc(73)] ReadMemory at 0x24793f23f7c of 512 bytes failed: Only part of a ReadProcessMemory or WriteProcessMemory request was completed. (0x12B)
[0609/092437.213:ERROR:process_memory_win.cc(73)] ReadMemory at 0x247942f4e30 of 512 bytes failed: Only part of a ReadProcessMemory or WriteProcessMemory request was completed. (0x12B)
[0609/092437.213:ERROR:process_memory_win.cc(73)] ReadMemory at 0x24795220be3 of 541 bytes failed: Only part of a ReadProcessMemory or WriteProcessMemory request was completed. (0x12B)
[0609/092437.213:ERROR:process_memory_win.cc(73)] ReadMemory at 0x55be56ad7f80 of 512 bytes failed: Only part of a ReadProcessMemory or WriteProcessMemory request was completed. (0x12B)
[0609/092437.213:ERROR:process_memory_win.cc(73)] ReadMemory at 0x7ffa50730000 of 384 bytes failed: Only part of a ReadProcessMemory or WriteProcessMemory request was completed. (0x12B)
[0609/092437.213:ERROR:process_memory_win.cc(73)] ReadMemory at 0x7ffa50ca4402 of 512 bytes failed: Only part of a ReadProcessMemory or WriteProcessMemory request was completed. (0x12B)
[0609/092437.213:ERROR:process_memory_win.cc(73)] ReadMemory at 0x7ffa52b19438 of 512 bytes failed: Only part of a ReadProcessMemory or WriteProcessMemory request was completed. (0x12B)
[0609/092437.213:ERROR:process_memory_win.cc(73)] ReadMemory at 0x7ffa535c3abe of 512 bytes failed: Only part of a ReadProcessMemory or WriteProcessMemory request was completed. (0x12B)
[0609/092437.213:ERROR:process_memory_win.cc(73)] ReadMemory at 0x7ffa535c3d6d of 512 bytes failed: Only part of a ReadProcessMemory or WriteProcessMemory request was completed. (0x12B)
[0609/092437.213:ERROR:process_memory_win.cc(73)] ReadMemory at 0x7ffa57f1c110 of 512 bytes failed: Only part of a ReadProcessMemory or WriteProcessMemory request was completed. (0x12B)
[0609/092437.213:ERROR:process_memory_win.cc(73)] ReadMemory at 0x7ffab6f7a719 of 512 bytes failed: Only part of a ReadProcessMemory or WriteProcessMemory request was completed. (0x12B)
[0609/092437.213:ERROR:process_memory_win.cc(73)] ReadMemory at 0x7ffab71ac6e0 of 512 bytes failed: Only part of a ReadProcessMemory or WriteProcessMemory request was completed. (0x12B)
[0609/092437.213:ERROR:process_memory_win.cc(73)] ReadMemory at 0x7ffab935c074 of 672 bytes failed: Only part of a ReadProcessMemory or WriteProcessMemory request was completed. (0x12B)
[0609/092437.213:ERROR:process_memory_win.cc(73)] ReadMemory at 0x7ffab935c674 of 512 bytes failed: Only part of a ReadProcessMemory or WriteProcessMemory request was completed. (0x12B)
[0609/092437.213:ERROR:process_memory_win.cc(73)] ReadMemory at 0x7ffab935f924 of 608 bytes failed: Only part of a ReadProcessMemory or WriteProcessMemory request was completed. (0x12B)
[0609/092437.213:ERROR:process_memory_win.cc(73)] ReadMemory at 0x7ffab93ec428 of 18 bytes failed: Only part of a ReadProcessMemory or WriteProcessMemory request was completed. (0x12B)
[0609/092437.213:ERROR:process_memory_win.cc(73)] ReadMemory at 0x7ffab941f4f8 of 40 bytes failed: Only part of a ReadProcessMemory or WriteProcessMemory request was completed. (0x12B)
[0609/092437.213:ERROR:process_memory_win.cc(73)] ReadMemory at 0x7ffab941f978 of 48 bytes failed: Only part of a ReadProcessMemory or WriteProcessMemory request was completed. (0x12B)
[0609/092437.213:ERROR:process_memory_win.cc(73)] ReadMemory at 0x7ffab94253c0 of 64 bytes failed: Only part of a ReadProcessMemory or WriteProcessMemory request was completed. (0x12B)
[0609/092437.214:ERROR:scoped_process_suspend.cc(40)] NtResumeProcess: An attempt was made to access an exiting process. (0xc000010a)
